[14:54:14] [Server thread/INFO]: Starting minecraft server version 1.15.2
[14:54:14] [Server thread/INFO]: Loading properties
[14:54:15] [Server thread/INFO]: This server is running CraftBukkit version git-Spigot-800b93f-8160e29 (MC: 1.15.2) (Implementing API version 1.15.2-R0.1-SNAPSHOT)
[14:54:15] [Server thread/INFO]: Debug logging is disabled
[14:54:15] [Server thread/INFO]: Server Ping Player Sample Count: 12
[14:54:15] [Server thread/INFO]: Using 4 threads for Netty based IO
[14:54:15] [Server thread/INFO]: Default game type: SURVIVAL
[14:54:15] [Server thread/INFO]: Generating keypair
[14:54:15] [Server thread/INFO]: Starting Minecraft server on *:25565
[14:54:15] [Server thread/INFO]: Using default channel type
[14:54:25] [Server thread/INFO]: [Statistics] Loading Statistics v1.0-SNAPSHOT
[14:54:25] [Server thread/INFO]: Preparing level "world"
[14:54:25] [Server thread/INFO]: Reloading ResourceManager: Default, bukkit
[14:54:25] [Server thread/INFO]: Loaded 6 recipes
[14:54:26] [Server thread/INFO]: -------- World Settings For [world] --------
[14:54:26] [Server thread/INFO]: View Distance: 10
[14:54:26] [Server thread/INFO]: Allow Zombie Pigmen to spawn from portal blocks: true
[14:54:26] [Server thread/INFO]: Arrow Despawn Rate: 1200 Trident Respawn Rate:1200
[14:54:26] [Server thread/INFO]: Custom Map Seeds:  Village: 10387312 Desert: 14357617 Igloo: 14357618 Jungle: 14357619 Swamp: 14357620 Monument: 10387313Ocean: 14357621 Shipwreck: 165745295 Slime: 987234911
[14:54:26] [Server thread/INFO]: Item Despawn Rate: 6000
[14:54:26] [Server thread/INFO]: Item Merge Radius: 2.5
[14:54:26] [Server thread/INFO]: Nerfing mobs spawned from spawners: false
[14:54:26] [Server thread/INFO]: Zombie Aggressive Towards Villager: true
[14:54:26] [Server thread/INFO]: Experience Merge Radius: 3.0
[14:54:26] [Server thread/INFO]: Mob Spawn Range: 6
[14:54:26] [Server thread/INFO]: Cactus Growth Modifier: 100%
[14:54:26] [Server thread/INFO]: Cane Growth Modifier: 100%
[14:54:26] [Server thread/INFO]: Melon Growth Modifier: 100%
[14:54:26] [Server thread/INFO]: Mushroom Growth Modifier: 100%
[14:54:26] [Server thread/INFO]: Pumpkin Growth Modifier: 100%
[14:54:26] [Server thread/INFO]: Sapling Growth Modifier: 100%
[14:54:26] [Server thread/INFO]: Beetroot Growth Modifier: 100%
[14:54:26] [Server thread/INFO]: Carrot Growth Modifier: 100%
[14:54:26] [Server thread/INFO]: Potato Growth Modifier: 100%
[14:54:26] [Server thread/INFO]: Wheat Growth Modifier: 100%
[14:54:26] [Server thread/INFO]: NetherWart Growth Modifier: 100%
[14:54:26] [Server thread/INFO]: Vine Growth Modifier: 100%
[14:54:26] [Server thread/INFO]: Cocoa Growth Modifier: 100%
[14:54:26] [Server thread/INFO]: Bamboo Growth Modifier: 100%
[14:54:26] [Server thread/INFO]: SweetBerry Growth Modifier: 100%
[14:54:26] [Server thread/INFO]: Kelp Growth Modifier: 100%
[14:54:26] [Server thread/INFO]: Entity Activation Range: An 32 / Mo 32 / Ra 48 / Mi 16 / Tiv true
[14:54:26] [Server thread/INFO]: Entity Tracking Range: Pl 48 / An 48 / Mo 48 / Mi 32 / Other 64
[14:54:26] [Server thread/INFO]: Tile Max Tick Time: 50ms Entity max Tick Time: 50ms
[14:54:26] [Server thread/INFO]: Max TNT Explosions: 100
[14:54:26] [Server thread/INFO]: Hopper Transfer: 8 Hopper Check: 1 Hopper Amount: 1
[14:54:26] [Server thread/INFO]: -------- World Settings For [world_nether] --------
[14:54:26] [Server thread/INFO]: View Distance: 10
[14:54:26] [Server thread/INFO]: Allow Zombie Pigmen to spawn from portal blocks: true
[14:54:26] [Server thread/INFO]: Arrow Despawn Rate: 1200 Trident Respawn Rate:1200
[14:54:26] [Server thread/INFO]: Custom Map Seeds:  Village: 10387312 Desert: 14357617 Igloo: 14357618 Jungle: 14357619 Swamp: 14357620 Monument: 10387313Ocean: 14357621 Shipwreck: 165745295 Slime: 987234911
[14:54:26] [Server thread/INFO]: Item Despawn Rate: 6000
[14:54:26] [Server thread/INFO]: Item Merge Radius: 2.5
[14:54:26] [Server thread/INFO]: Nerfing mobs spawned from spawners: false
[14:54:26] [Server thread/INFO]: Zombie Aggressive Towards Villager: true
[14:54:26] [Server thread/INFO]: Experience Merge Radius: 3.0
[14:54:26] [Server thread/INFO]: Mob Spawn Range: 6
[14:54:26] [Server thread/INFO]: Cactus Growth Modifier: 100%
[14:54:26] [Server thread/INFO]: Cane Growth Modifier: 100%
[14:54:26] [Server thread/INFO]: Melon Growth Modifier: 100%
[14:54:26] [Server thread/INFO]: Mushroom Growth Modifier: 100%
[14:54:26] [Server thread/INFO]: Pumpkin Growth Modifier: 100%
[14:54:26] [Server thread/INFO]: Sapling Growth Modifier: 100%
[14:54:26] [Server thread/INFO]: Beetroot Growth Modifier: 100%
[14:54:26] [Server thread/INFO]: Carrot Growth Modifier: 100%
[14:54:26] [Server thread/INFO]: Potato Growth Modifier: 100%
[14:54:26] [Server thread/INFO]: Wheat Growth Modifier: 100%
[14:54:26] [Server thread/INFO]: NetherWart Growth Modifier: 100%
[14:54:26] [Server thread/INFO]: Vine Growth Modifier: 100%
[14:54:26] [Server thread/INFO]: Cocoa Growth Modifier: 100%
[14:54:26] [Server thread/INFO]: Bamboo Growth Modifier: 100%
[14:54:26] [Server thread/INFO]: SweetBerry Growth Modifier: 100%
[14:54:26] [Server thread/INFO]: Kelp Growth Modifier: 100%
[14:54:26] [Server thread/INFO]: Entity Activation Range: An 32 / Mo 32 / Ra 48 / Mi 16 / Tiv true
[14:54:26] [Server thread/INFO]: Entity Tracking Range: Pl 48 / An 48 / Mo 48 / Mi 32 / Other 64
[14:54:26] [Server thread/INFO]: Tile Max Tick Time: 50ms Entity max Tick Time: 50ms
[14:54:26] [Server thread/INFO]: Max TNT Explosions: 100
[14:54:26] [Server thread/INFO]: Hopper Transfer: 8 Hopper Check: 1 Hopper Amount: 1
[14:54:26] [Server thread/INFO]: -------- World Settings For [world_the_end] --------
[14:54:26] [Server thread/INFO]: View Distance: 10
[14:54:26] [Server thread/INFO]: Allow Zombie Pigmen to spawn from portal blocks: true
[14:54:26] [Server thread/INFO]: Arrow Despawn Rate: 1200 Trident Respawn Rate:1200
[14:54:26] [Server thread/INFO]: Custom Map Seeds:  Village: 10387312 Desert: 14357617 Igloo: 14357618 Jungle: 14357619 Swamp: 14357620 Monument: 10387313Ocean: 14357621 Shipwreck: 165745295 Slime: 987234911
[14:54:26] [Server thread/INFO]: Item Despawn Rate: 6000
[14:54:26] [Server thread/INFO]: Item Merge Radius: 2.5
[14:54:26] [Server thread/INFO]: Nerfing mobs spawned from spawners: false
[14:54:26] [Server thread/INFO]: Zombie Aggressive Towards Villager: true
[14:54:26] [Server thread/INFO]: Experience Merge Radius: 3.0
[14:54:26] [Server thread/INFO]: Mob Spawn Range: 6
[14:54:26] [Server thread/INFO]: Cactus Growth Modifier: 100%
[14:54:26] [Server thread/INFO]: Cane Growth Modifier: 100%
[14:54:26] [Server thread/INFO]: Melon Growth Modifier: 100%
[14:54:26] [Server thread/INFO]: Mushroom Growth Modifier: 100%
[14:54:26] [Server thread/INFO]: Pumpkin Growth Modifier: 100%
[14:54:26] [Server thread/INFO]: Sapling Growth Modifier: 100%
[14:54:26] [Server thread/INFO]: Beetroot Growth Modifier: 100%
[14:54:26] [Server thread/INFO]: Carrot Growth Modifier: 100%
[14:54:26] [Server thread/INFO]: Potato Growth Modifier: 100%
[14:54:26] [Server thread/INFO]: Wheat Growth Modifier: 100%
[14:54:26] [Server thread/INFO]: NetherWart Growth Modifier: 100%
[14:54:26] [Server thread/INFO]: Vine Growth Modifier: 100%
[14:54:26] [Server thread/INFO]: Cocoa Growth Modifier: 100%
[14:54:26] [Server thread/INFO]: Bamboo Growth Modifier: 100%
[14:54:26] [Server thread/INFO]: SweetBerry Growth Modifier: 100%
[14:54:26] [Server thread/INFO]: Kelp Growth Modifier: 100%
[14:54:26] [Server thread/INFO]: Entity Activation Range: An 32 / Mo 32 / Ra 48 / Mi 16 / Tiv true
[14:54:26] [Server thread/INFO]: Entity Tracking Range: Pl 48 / An 48 / Mo 48 / Mi 32 / Other 64
[14:54:26] [Server thread/INFO]: Tile Max Tick Time: 50ms Entity max Tick Time: 50ms
[14:54:26] [Server thread/INFO]: Max TNT Explosions: 100
[14:54:26] [Server thread/INFO]: Hopper Transfer: 8 Hopper Check: 1 Hopper Amount: 1
[14:54:26] [Server thread/INFO]: Preparing start region for dimension 'world'/minecraft:overworld
[14:54:27] [Server thread/INFO]: Preparing spawn area: 0%
[14:54:27] [Server thread/INFO]: Preparing spawn area: 0%
[14:54:27] [Server thread/INFO]: Preparing spawn area: 0%
[14:54:28] [Server thread/INFO]: Preparing spawn area: 64%
[14:54:30] [Server-Worker-7/INFO]: Preparing spawn area: 83%
[14:54:30] [Server-Worker-3/INFO]: Preparing spawn area: 83%
[14:54:30] [Server-Worker-3/INFO]: Preparing spawn area: 83%
[14:54:30] [Server-Worker-3/INFO]: Preparing spawn area: 83%
[14:54:30] [Server-Worker-3/INFO]: Preparing spawn area: 83%
[14:54:31] [Server-Worker-1/INFO]: Preparing spawn area: 95%
[14:54:31] [Server-Worker-6/INFO]: Preparing spawn area: 95%
[14:54:32] [Server-Worker-3/INFO]: Preparing spawn area: 96%
[14:54:32] [Server thread/INFO]: Time elapsed: 5729 ms
[14:54:32] [Server thread/INFO]: Preparing start region for dimension 'world_nether'/minecraft:the_nether
[14:54:33] [Server thread/INFO]: Preparing spawn area: 0%
[14:54:33] [Server thread/INFO]: Preparing spawn area: 0%
[14:54:33] [Server-Worker-1/INFO]: Preparing spawn area: 83%
[14:54:33] [Server-Worker-7/INFO]: Preparing spawn area: 83%
[14:54:34] [Server-Worker-6/INFO]: Preparing spawn area: 88%
[14:54:34] [Server thread/INFO]: Time elapsed: 2445 ms
[14:54:34] [Server thread/INFO]: Preparing start region for dimension 'world_the_end'/minecraft:the_end
[14:54:35] [Server thread/INFO]: Preparing spawn area: 0%
[14:54:35] [Server-Worker-4/INFO]: Preparing spawn area: 83%
[14:54:35] [Server thread/INFO]: Time elapsed: 855 ms
[14:54:35] [Server thread/INFO]: [Statistics] Enabling Statistics v1.0-SNAPSHOT
[14:54:35] [Server thread/INFO]: Statistics Plugin Loaded
[14:54:35] [Server thread/INFO]: Server permissions file permissions.yml is empty, ignoring it
[14:54:35] [Server thread/INFO]: Done (10.575s)! For help, type "help"
[14:54:44] [User Authenticator #1/INFO]: UUID of player TheSlyIrishDevil is dc29e912-ac46-472a-92db-76ac9234de62
[14:54:44] [Server thread/INFO]: TheSlyIrishDevil[/127.0.0.1:56625] logged in with entity id 192 at ([world]222.96560147947483, 78.0, -169.82981209181375)
[14:54:56] [Server thread/INFO]: [0;33;1mThere has been a death.[m
[14:54:56] [Server thread/INFO]: [0;33;1mThe number of total player deaths is now: 1[m
[14:54:56] [Server thread/INFO]: TheSlyIrishDevil tried to swim in lava
[14:55:03] [Server thread/INFO]: [0;33;1mThere has been a death.[m
[14:55:03] [Server thread/INFO]: [0;33;1mThe number of total player deaths is now: 2[m
[14:55:03] [Server thread/INFO]: TheSlyIrishDevil tried to swim in lava
[14:55:10] [Server thread/INFO]: [0;33;1mThere has been a death.[m
[14:55:10] [Server thread/INFO]: [0;33;1mThe number of total player deaths is now: 3[m
[14:55:10] [Server thread/INFO]: TheSlyIrishDevil tried to swim in lava
[14:55:34] [Server thread/INFO]: [0;33;1mThere has been a death.[m
[14:55:34] [Server thread/INFO]: [0;33;1mThe number of total player deaths is now: 4[m
[14:55:34] [Server thread/INFO]: TheSlyIrishDevil fell from a high place
[14:55:42] [Server thread/INFO]: TheSlyIrishDevil issued server command: /exportdata
[14:56:38] [Server thread/INFO]: Stopping the server
[14:56:38] [Server thread/INFO]: Stopping server
[14:56:38] [Server thread/INFO]: [Statistics] Disabling Statistics v1.0-SNAPSHOT
[14:56:38] [Server thread/INFO]: Statistics Plugin Disengaged
[14:56:38] [Server thread/INFO]: Saving players
[14:56:38] [Server thread/INFO]: TheSlyIrishDevil lost connection: Server closed
[14:56:38] [Server thread/INFO]: TheSlyIrishDevil left the game
[14:56:39] [Server thread/INFO]: Saving worlds
[14:56:39] [Server thread/INFO]: Saving chunks for level 'world'/minecraft:overworld
[14:56:39] [Server thread/INFO]: ThreadedAnvilChunkStorage (world): All chunks are saved
[14:56:39] [Server thread/INFO]: Saving chunks for level 'world_nether'/minecraft:the_nether
[14:56:40] [Server thread/INFO]: ThreadedAnvilChunkStorage (DIM-1): All chunks are saved
[14:56:40] [Server thread/INFO]: Saving chunks for level 'world_the_end'/minecraft:the_end
[14:56:40] [Server thread/INFO]: ThreadedAnvilChunkStorage (DIM1): All chunks are saved
[14:56:40] [Server thread/INFO]: ThreadedAnvilChunkStorage (world): All chunks are saved
[14:56:40] [Server thread/INFO]: ThreadedAnvilChunkStorage (DIM-1): All chunks are saved
[14:56:41] [Server thread/INFO]: ThreadedAnvilChunkStorage (DIM1): All chunks are saved
